mads 2.0.6 build 58 (28 Jan 17)
Source: C:\Users\dogdark\git\Ascurrete\ascurrete.asm
     1 				;A 	= 	VALOR	CMP #VALOR 	BEQ 
     2 				;A 	<> 	VALOR 	CMP #VALOR 	BNE 
     3 				;A 	>= 	VALOR 	CMP #VALOR 	BCS
     4 				;A 	> 	VALOR 	CMP #VALOR 	BEQ y luego BCS 
     5 				;A 	< 	VALOR 	CMP #VALOR 	BCC
     6
     7 					icl 'BASE/hardware.asm'
Source: C:\Users\dogdark\git\Ascurrete\BASE\hardware.asm
     1 				; Archivo que contiene los Registros 
     2 				; del Hardware del ATARI XL-XE
     3 				;-------------------------------------
     4
     5 = 0230			SDLSTL = $230
     6 = 0284			STRIG0 = $284
     7 = 02F4			CHBAS  = $2f4
     8 = D01F			CONSOL = $d01f
     8 					org $2000
     9
    10
    11 				;Activa pantalla de titulos
    12 				inicio
    13 FFFF> 2000-2A96> A9 33 +     mwa #pant_principal SDLSTL
    14 200A A9 40 8D F4 02 A9 + 	mwa #>font CHBAS
    15
    16 				;Lee botón Joystick
    17 2014			lee_boton
    18 2014 AD 84 02			lda STRIG0
    19 2017 F0 03			beq jugar
    20 2019 4C 14 20			jmp lee_boton
    21
    22 				;Activa pantalla del juego
    23 201C			jugar
    24 201C A9 18 8D 30 02 A9 +     mwa #pant_juego SDLSTL
    25
    26 				;Lee tecla de consola SELECT
    27 2026			leeconsola1
    28 2026 AD 1F D0			lda CONSOL
    29 2029 C9 05			cmp #5
    30 202B F0 03			beq salir
    31 202D 4C 26 20			jmp leeconsola1
    32 2030			salir
    33 2030 4C 00 20			jmp inicio
    34
    35
    36
    37 				;-----------------------------------------
    38 				; Diseno de pantallas 
    39 				;-----------------------------------------
    40 				; La pantalla se estructura de la siguiente
    41 				; manera
    42 				; creadores en $46
    43 				; dibujo de 80 columnas por 40 en $4d
    44 				; nivel en $46
    45 				; mensaje start en $46
    46 				;
    47 2033			pant_principal
    48 2033 70 70 70		:3	.by $70
    49 2036 46				.by $46
    50 2037 74 20			.wo nombre_principal
    51 2039 70 70 70 70		:4	.by $70
    52 203D 4D				.by $4d
    53 203E 88 20			.wo dibujo_principal
    54 2040 0D 0D 0D 0D 0D 0D + :40	.by $0d
    55 2068 70 70 70 70		:4	.by $70
    56 206C 46				.by $46
    57 206D F0 26			.wo teclas_principal
    58 206F 70				.by $70
    59 2070 06				.by $06
    60 2071 41				.by $41
    61 2072 33 20			.wo pant_principal
    62
    63 				; textos en la pantalla de titulos
    64 2074			nombre_principal
    65 2074 E2 F9 80 E4 EF E7 + 	.sb +128,"by dogdark & ascrnet"
    66
    67 2088			dibujo_principal
    68 2088 00 00 00 00 00 00 + :40	.by $00
    69 20B0 00 00 00 00 00 00 + :40	.by $00
    70 20D8 00 00 00 00 00 00 + :40	.by $00
    71 2100 00 00 00 00 00 00 + :40	.by $00
    72 2128 00 00 00 00 00 00 + :40	.by $00
    73 2150 00 00 00 00 00 00 + :40	.by $00
    74 2178 00 00 00 00 00 00 + :40	.by $00
    75 21A0 00 00 00 00 00 00 + :40	.by $00
    76 21C8 00 00 00 00 00 00 + :40	.by $00
    77 21F0 00 00 00 00 00 00 + :40	.by $00
    78 2218 00 00 00 00 00 00 + :40	.by $00
    79 2240 00 00 00 00 00 00 + :40	.by $00
    80 2268 00 00 00 00 00 00 + :40	.by $00
    81 2290 00 00 00 00 00 00 + :40	.by $00
    82 22B8 00 00 00 00 00 00 + :40	.by $00
    83 22E0 00 00 00 00 00 00 + :40	.by $00
    84 2308 00 00 00 00 00 00 + :40	.by $00
    85 2330 00 00 00 00 00 00 + :40	.by $00
    86 2358 00 00 00 00 00 00 + :40	.by $00
    87 2380 00 00 00 00 00 00 + :40	.by $00
    88 23A8 00 00 00 00 00 00 + :40	.by $00
    89 23D0 00 00 00 00 00 00 + :40	.by $00
    90 23F8 00 00 00 00 00 00 + :40	.by $00
    91 2420 00 00 00 00 00 00 + :40	.by $00
    92 2448 00 00 00 00 00 00 + :40	.by $00
    93 2470 00 00 00 00 00 00 + :40	.by $00
    94 2498 00 00 00 00 00 00 + :40	.by $00
    95 24C0 00 00 00 00 00 00 + :40	.by $00
    96 24E8 00 00 00 00 00 00 + :40	.by $00
    97 2510 00 00 00 00 00 00 + :40	.by $00
    98 2538 00 00 00 00 00 00 + :40	.by $00
    99 2560 00 00 00 00 00 00 + :40	.by $00
   100 2588 00 00 00 00 00 00 + :40	.by $00
   101 25B0 00 00 00 00 00 00 + :40	.by $00
   102 25D8 00 00 00 00 00 00 + :40	.by $00
   103 2600 00 00 00 00 00 00 + :40	.by $00
   104 2628 00 00 00 00 00 00 + :40	.by $00
   105 2650 00 00 00 00 00 00 + :40	.by $00
   106 2678 00 00 00 00 00 00 + :40	.by $00
   107 26A0 00 00 00 00 00 00 + :40	.by $00
   108 26C8 00 00 00 00 00 00 + :40	.by $00
   109
   110 26F0			teclas_principal
   111 26F0 00 00 00 00 00 00 + 	.sb "      NIVEL 00      "
   112 2704 00 00 22 2F 34 2F + 	.sb "  BOTON PARA JUGAR  "
   113
   114 				; Pantalla del juego 
   115 2718			pant_juego
   116 2718 70 70 70		:3	.by $70
   117 271B 44				.by $44
   118 271C 4F 27			.wo nivel0
   119 271E 04 04 04 04 04 04 + :22	.by 04
   120 2734 20				.by $20
   121 2735 46				.by $46
   122 2736 3B 27			.wo barra_puntaje
   123 2738 41				.by $41 
   124 2739 18 27			.wo pant_juego	
   125
   126
   127 				; textos de la pantalla del juego
   128 273B			barra_puntaje
   129 273B 33 23 1A 10 10 10 + 	.sb "SC:0000000 T:50 L:03"
   130
   131 274F			nivel0
   132 274F 40 41			.by $40,$41
   133 2751 00 00 00 00 00 00 + :38 .sb " "
   134 2777 42 43			.by $42,$43
   135 2779 00 00 00 00 00 00 + :38 .sb " "
   136 279F 00 00 00 00 00 00 + :40 .sb " "
   137 27C7 00 00 00 00 00 00 + :40 .sb " "
   138 27EF 00 00 00 00 00 00 + :40 .sb " "
   139 2817 00 00 00 00 00 00 + :40 .sb " "
   140 283F 00 00 00 00 00 00 + :40 .sb " "
   141 2867 00 00 00 00 00 00 + :40 .sb " "
   142 288F 00 00 00 00 00 00 + :40 .sb " "
   143 28B7 00 00 00 00 00 00 + :40 .sb " "
   144 28DF 00 00 00 00 00 00 + :40 .sb " "
   145 2907 00 00 00 00 00 00 + :40 .sb " "
   146 292F 00 00 00 00 00 00 + :40 .sb " "
   147 2957 00 00 00 00 00 00 + :40 .sb " "
   148 297F 00 00 00 00 00 00 + :40 .sb " "
   149 29A7 00 00 00 00 00 00 + :40 .sb " "
   150 29CF 00 00 00 00 00 00 + :40 .sb " "
   151 29F7 00 00 00 00 00 00 + :40 .sb " "
   152 2A1F 00 00 00 00 00 00 + :40 .sb " "
   153 2A47 00 00 00 00 00 00 + :40 .sb " "
   154 2A6F 00 00 00 00 00 00 + :40 .sb " "
   155
   156 				; Zona de Memoria para cambiar el FONT
   157 				; y se agrega el archivo fnt
   158 				;---------------------------------------
   159 2A97				org $4000
   160 4000			font
   161 4000-43FF> 00 00 00 00 + 	ins "fuente.fnt"
   162
   163 02E0-02E1> 00 20		    run inicio
